2015/11/20 16:40:01 INFO  - jmeter.util.JMeterUtils: Setting Locale to zh_CN 
2015/11/20 16:40:01 INFO  - jmeter.JMeter: Loading user properties from: /home/maxl/java/apache-jmeter-2.12/bin/user.properties 
2015/11/20 16:40:01 INFO  - jmeter.JMeter: Loading system properties from: /home/maxl/java/apache-jmeter-2.12/bin/system.properties 
2015/11/20 16:40:01 INFO  - jmeter.JMeter: Copyright (c) 1998-2014 The Apache Software Foundation 
2015/11/20 16:40:01 INFO  - jmeter.JMeter: Version 2.12 r1636949 
2015/11/20 16:40:01 INFO  - jmeter.JMeter: java.version=1.7.0_55 
2015/11/20 16:40:01 INFO  - jmeter.JMeter: java.vm.name=Java HotSpot(TM) 64-Bit Server VM 
2015/11/20 16:40:01 INFO  - jmeter.JMeter: os.name=Linux 
2015/11/20 16:40:01 INFO  - jmeter.JMeter: os.arch=amd64 
2015/11/20 16:40:01 INFO  - jmeter.JMeter: os.version=3.13.0-65-generic 
2015/11/20 16:40:01 INFO  - jmeter.JMeter: file.encoding=UTF-8 
2015/11/20 16:40:01 INFO  - jmeter.JMeter: Default Locale=中文 (中国) 
2015/11/20 16:40:01 INFO  - jmeter.JMeter: JMeter  Locale=中文 (中国) 
2015/11/20 16:40:01 INFO  - jmeter.JMeter: JMeterHome=/home/maxl/java/apache-jmeter-2.12 
2015/11/20 16:40:01 INFO  - jmeter.JMeter: user.dir  =/home/maxl/pekall_work/fms/src/server/fms/collection/doc 
2015/11/20 16:40:01 INFO  - jmeter.JMeter: PWD       =/home/maxl/pekall_work/fms/src/server/fms/collection/doc 
2015/11/20 16:40:01 INFO  - jmeter.JMeter: IP: 127.0.1.1 Name: maxl-Inspiron-N4010 FullName: maxl-Inspiron-N4010 
2015/11/20 16:40:01 INFO  - jmeter.JMeter: search_paths=${jmeter.home}/lib/ext 
2015/11/20 16:40:01 WARN  - jmeter.JMeter: Can't read ${jmeter.home}/lib/ext 
2015/11/20 16:40:01 INFO  - jmeter.JMeter: Loaded icon properties from org/apache/jmeter/images/icon.properties 
2015/11/20 16:40:02 INFO  - jmeter.engine.util.CompoundVariable: Note: Function class names must contain the string: '.functions.' 
2015/11/20 16:40:02 INFO  - jmeter.engine.util.CompoundVariable: Note: Function class names must not contain the string: '.gui.' 
2015/11/20 16:40:02 INFO  - jmeter.gui.action.LookAndFeelCommand: Using look and feel: javax.swing.plaf.metal.MetalLookAndFeel [Metal, CrossPlatform] 
2015/11/20 16:40:03 INFO  - jmeter.util.BSFTestElement: Registering JMeter version of JavaScript engine as work-round for BSF-22 
2015/11/20 16:40:04 INFO  - jmeter.protocol.http.sampler.HTTPSamplerBase: Cannot find .className property for htmlParser, using default 
2015/11/20 16:40:04 INFO  - jmeter.protocol.http.sampler.HTTPSamplerBase: Parser for text/html is  
2015/11/20 16:40:04 INFO  - jmeter.protocol.http.sampler.HTTPSamplerBase: Parser for application/xhtml+xml is  
2015/11/20 16:40:04 INFO  - jmeter.protocol.http.sampler.HTTPSamplerBase: Parser for application/xml is  
2015/11/20 16:40:04 INFO  - jmeter.protocol.http.sampler.HTTPSamplerBase: Parser for text/xml is  
2015/11/20 16:40:04 INFO  - jmeter.protocol.http.sampler.HTTPSamplerBase: Parser for text/vnd.wap.wml is org.apache.jmeter.protocol.http.parser.RegexpHTMLParser 
2015/11/20 16:40:04 INFO  - jmeter.gui.util.MenuFactory: Skipping org.apache.jmeter.protocol.http.control.gui.WebServiceSamplerGui 
2015/11/20 16:40:04 INFO  - jmeter.gui.util.MenuFactory: Skipping org.apache.jmeter.protocol.http.modifier.gui.ParamModifierGui 
2015/11/20 16:40:04 INFO  - jorphan.exec.KeyToolUtils: keytool found at 'keytool' 
2015/11/20 16:40:04 INFO  - jmeter.protocol.http.proxy.ProxyControl: HTTP(S) Test Script Recorder SSL Proxy will use keys that support embedded 3rd party resources in file /home/maxl/java/apache-jmeter-2.12/bin/proxyserver.jks 
2015/11/20 16:40:05 INFO  - jmeter.samplers.SampleResult: Note: Sample TimeStamps are START times 
2015/11/20 16:40:05 INFO  - jmeter.samplers.SampleResult: sampleresult.default.encoding is set to ISO-8859-1 
2015/11/20 16:40:05 INFO  - jmeter.samplers.SampleResult: sampleresult.useNanoTime=true 
2015/11/20 16:40:05 INFO  - jmeter.samplers.SampleResult: sampleresult.nanoThreadSleep=5000 
2015/11/20 16:40:09 INFO  - jmeter.services.FileServer: Default base='/home/maxl/pekall_work/fms/src/server/fms/collection/doc' 
2015/11/20 16:40:17 INFO  - jmeter.gui.action.Load: Loading file: /home/maxl/pekall_work/fms/doc/adsb-线程组.jmx 
2015/11/20 16:40:17 INFO  - jmeter.services.FileServer: Set new base='/home/maxl/pekall_work/fms/doc' 
2015/11/20 16:40:18 INFO  - jmeter.save.SaveService: Testplan (JMX) version: 2.2. Testlog (JTL) version: 2.2 
2015/11/20 16:40:18 INFO  - jmeter.save.SaveService: Using SaveService properties file encoding UTF-8 
2015/11/20 16:40:18 INFO  - jmeter.save.SaveService: Using SaveService properties version 2.7 
2015/11/20 16:40:18 INFO  - jmeter.save.SaveService: Using SaveService properties file version 1618048 
2015/11/20 16:40:18 INFO  - jmeter.save.SaveService: All converter versions present and correct 
2015/11/20 16:40:18 INFO  - jmeter.services.FileServer: Set new base='/home/maxl/pekall_work/fms/doc' 
2015/11/20 16:41:19 INFO  - jmeter.engine.StandardJMeterEngine: Listeners will be started after enabling running version 
2015/11/20 16:41:19 INFO  - jmeter.engine.StandardJMeterEngine: To revert to the earlier behaviour, define jmeterengine.startlistenerslater=false 
2015/11/20 16:41:19 INFO  - jmeter.engine.StandardJMeterEngine: Running the test! 
2015/11/20 16:41:19 INFO  - jmeter.samplers.SampleEvent: List of sample_variables: [] 
2015/11/20 16:41:19 INFO  - jmeter.samplers.SampleEvent: List of sample_variables: [] 
2015/11/20 16:41:19 INFO  - jmeter.gui.util.JMeterMenuBar: setRunning(true,*local*) 
2015/11/20 16:41:19 INFO  - jmeter.engine.StandardJMeterEngine: Starting ThreadGroup: 1 : adsb-线程组 
2015/11/20 16:41:19 INFO  - jmeter.engine.StandardJMeterEngine: Starting 1 threads for group adsb-线程组. 
2015/11/20 16:41:19 INFO  - jmeter.engine.StandardJMeterEngine: Thread will continue on error 
2015/11/20 16:41:19 INFO  - jmeter.threads.ThreadGroup: Starting thread group number 1 threads 1 ramp-up 0 perThread 0.0 delayedStart=false 
2015/11/20 16:41:19 INFO  - jmeter.threads.JMeterThread: jmeterthread.startearlier=true (see jmeter.properties) 
2015/11/20 16:41:19 INFO  - jmeter.threads.JMeterThread: Running PostProcessors in forward order 
2015/11/20 16:41:19 INFO  - jmeter.threads.ThreadGroup: Started thread group number 1 
2015/11/20 16:41:19 INFO  - jmeter.engine.StandardJMeterEngine: All thread groups have been started 
2015/11/20 16:41:19 INFO  - jmeter.threads.JMeterThread: Thread started: adsb-线程组 1-1 
2015/11/20 16:41:24 INFO  - jmeter.threads.JMeterThread: Thread is done: adsb-线程组 1-1 
2015/11/20 16:41:24 INFO  - jmeter.threads.JMeterThread: Thread finished: adsb-线程组 1-1 
2015/11/20 16:41:24 INFO  - jmeter.engine.StandardJMeterEngine: Notifying test listeners of end of test 
2015/11/20 16:41:24 INFO  - jmeter.gui.util.JMeterMenuBar: setRunning(false,*local*) 
2015/11/20 16:42:52 INFO  - jmeter.engine.StandardJMeterEngine: Running the test! 
2015/11/20 16:42:52 INFO  - jmeter.samplers.SampleEvent: List of sample_variables: [] 
2015/11/20 16:42:52 INFO  - jmeter.gui.util.JMeterMenuBar: setRunning(true,*local*) 
2015/11/20 16:42:52 INFO  - jmeter.engine.StandardJMeterEngine: Starting ThreadGroup: 1 : adsb-线程组 
2015/11/20 16:42:52 INFO  - jmeter.engine.StandardJMeterEngine: Starting 1 threads for group adsb-线程组. 
2015/11/20 16:42:52 INFO  - jmeter.engine.StandardJMeterEngine: Thread will continue on error 
2015/11/20 16:42:52 INFO  - jmeter.threads.ThreadGroup: Starting thread group number 1 threads 1 ramp-up 0 perThread 0.0 delayedStart=false 
2015/11/20 16:42:52 INFO  - jmeter.threads.ThreadGroup: Started thread group number 1 
2015/11/20 16:42:52 INFO  - jmeter.engine.StandardJMeterEngine: All thread groups have been started 
2015/11/20 16:42:52 INFO  - jmeter.threads.JMeterThread: Thread started: adsb-线程组 1-1 
2015/11/20 16:42:57 INFO  - jmeter.threads.JMeterThread: Thread is done: adsb-线程组 1-1 
2015/11/20 16:42:57 INFO  - jmeter.threads.JMeterThread: Thread finished: adsb-线程组 1-1 
2015/11/20 16:42:57 INFO  - jmeter.engine.StandardJMeterEngine: Notifying test listeners of end of test 
2015/11/20 16:42:57 INFO  - jmeter.gui.util.JMeterMenuBar: setRunning(false,*local*) 
2015/11/20 18:38:39 INFO  - jmeter.engine.StandardJMeterEngine: Running the test! 
2015/11/20 18:38:39 INFO  - jmeter.samplers.SampleEvent: List of sample_variables: [] 
2015/11/20 18:38:39 INFO  - jmeter.gui.util.JMeterMenuBar: setRunning(true,*local*) 
2015/11/20 18:38:39 INFO  - jmeter.engine.StandardJMeterEngine: Starting ThreadGroup: 1 : adsb-线程组 
2015/11/20 18:38:39 INFO  - jmeter.engine.StandardJMeterEngine: Starting 1 threads for group adsb-线程组. 
2015/11/20 18:38:39 INFO  - jmeter.engine.StandardJMeterEngine: Thread will continue on error 
2015/11/20 18:38:39 INFO  - jmeter.threads.ThreadGroup: Starting thread group number 1 threads 1 ramp-up 0 perThread 0.0 delayedStart=false 
2015/11/20 18:38:39 INFO  - jmeter.threads.ThreadGroup: Started thread group number 1 
2015/11/20 18:38:39 INFO  - jmeter.engine.StandardJMeterEngine: All thread groups have been started 
2015/11/20 18:38:39 INFO  - jmeter.threads.JMeterThread: Thread started: adsb-线程组 1-1 
2015/11/20 18:38:39 INFO  - jmeter.threads.JMeterThread: Thread is done: adsb-线程组 1-1 
2015/11/20 18:38:39 INFO  - jmeter.threads.JMeterThread: Thread finished: adsb-线程组 1-1 
2015/11/20 18:38:39 INFO  - jmeter.engine.StandardJMeterEngine: Notifying test listeners of end of test 
2015/11/20 18:38:39 INFO  - jmeter.gui.util.JMeterMenuBar: setRunning(false,*local*) 
2015/11/20 18:42:48 INFO  - jmeter.engine.StandardJMeterEngine: Running the test! 
2015/11/20 18:42:48 INFO  - jmeter.samplers.SampleEvent: List of sample_variables: [] 
2015/11/20 18:42:48 INFO  - jmeter.gui.util.JMeterMenuBar: setRunning(true,*local*) 
2015/11/20 18:42:48 INFO  - jmeter.engine.StandardJMeterEngine: Starting ThreadGroup: 1 : adsb-线程组 
2015/11/20 18:42:48 INFO  - jmeter.engine.StandardJMeterEngine: Starting 1 threads for group adsb-线程组. 
2015/11/20 18:42:48 INFO  - jmeter.engine.StandardJMeterEngine: Thread will continue on error 
2015/11/20 18:42:48 INFO  - jmeter.threads.ThreadGroup: Starting thread group number 1 threads 1 ramp-up 0 perThread 0.0 delayedStart=false 
2015/11/20 18:42:48 INFO  - jmeter.threads.ThreadGroup: Started thread group number 1 
2015/11/20 18:42:48 INFO  - jmeter.engine.StandardJMeterEngine: All thread groups have been started 
2015/11/20 18:42:48 INFO  - jmeter.threads.JMeterThread: Thread started: adsb-线程组 1-1 
2015/11/20 18:43:37 INFO  - jmeter.threads.JMeterThread: Thread is done: adsb-线程组 1-1 
2015/11/20 18:43:37 INFO  - jmeter.threads.JMeterThread: Thread finished: adsb-线程组 1-1 
2015/11/20 18:43:37 INFO  - jmeter.engine.StandardJMeterEngine: Notifying test listeners of end of test 
2015/11/20 18:43:37 INFO  - jmeter.gui.util.JMeterMenuBar: setRunning(false,*local*) 
2015/11/20 18:44:00 INFO  - jmeter.engine.StandardJMeterEngine: Running the test! 
2015/11/20 18:44:00 INFO  - jmeter.samplers.SampleEvent: List of sample_variables: [] 
2015/11/20 18:44:00 INFO  - jmeter.gui.util.JMeterMenuBar: setRunning(true,*local*) 
2015/11/20 18:44:00 INFO  - jmeter.engine.StandardJMeterEngine: Starting ThreadGroup: 1 : adsb-线程组 
2015/11/20 18:44:00 INFO  - jmeter.engine.StandardJMeterEngine: Starting 1 threads for group adsb-线程组. 
2015/11/20 18:44:00 INFO  - jmeter.engine.StandardJMeterEngine: Thread will continue on error 
2015/11/20 18:44:00 INFO  - jmeter.threads.ThreadGroup: Starting thread group number 1 threads 1 ramp-up 0 perThread 0.0 delayedStart=false 
2015/11/20 18:44:00 INFO  - jmeter.threads.ThreadGroup: Started thread group number 1 
2015/11/20 18:44:00 INFO  - jmeter.engine.StandardJMeterEngine: All thread groups have been started 
2015/11/20 18:44:00 INFO  - jmeter.threads.JMeterThread: Thread started: adsb-线程组 1-1 
2015/11/20 18:44:11 INFO  - jmeter.threads.JMeterThread: Thread is done: adsb-线程组 1-1 
2015/11/20 18:44:11 INFO  - jmeter.threads.JMeterThread: Thread finished: adsb-线程组 1-1 
2015/11/20 18:44:11 INFO  - jmeter.engine.StandardJMeterEngine: Notifying test listeners of end of test 
2015/11/20 18:44:11 INFO  - jmeter.gui.util.JMeterMenuBar: setRunning(false,*local*) 
